

Started GET "/" for ::1 at 2015-09-09 22:29:38 -0400
Processing by Rails::WelcomeController#index as HTML
  Rendered /Library/Ruby/Gems/2.0.0/gems/railties-4.2.4/lib/rails/templates/rails/welcome/index.html.erb (2.6ms)
Completed 200 OK in 39ms (Views: 10.0ms | ActiveRecord: 0.0ms)


Started GET "/maps/new" for ::1 at 2015-09-09 22:31:49 -0400

ActiveRecord::PendingMigrationError (

Migrations are pending. To resolve this issue, run:

	bin/rake db:migrate RAILS_ENV=development

):
  activerecord (4.2.4) lib/active_record/migration.rb:392:in `check_pending!'
  activerecord (4.2.4) lib/active_record/migration.rb:373:in `call'
  actionpack (4.2.4) lib/action_dispatch/middleware/callbacks.rb:29:in `block in call'
  activesupport (4.2.4) lib/active_support/callbacks.rb:88:in `__run_callbacks__'
  activesupport (4.2.4) lib/active_support/callbacks.rb:778:in `_run_call_callbacks'
  activesupport (4.2.4) lib/active_support/callbacks.rb:81:in `run_callbacks'
  actionpack (4.2.4) lib/action_dispatch/middleware/callbacks.rb:27:in `call'
  actionpack (4.2.4) lib/action_dispatch/middleware/reloader.rb:73:in `call'
  actionpack (4.2.4) lib/action_dispatch/middleware/remote_ip.rb:78:in `call'
  actionpack (4.2.4) lib/action_dispatch/middleware/debug_exceptions.rb:17:in `call'
  web-console (2.2.1) lib/web_console/middleware.rb:39:in `call'
  actionpack (4.2.4) lib/action_dispatch/middleware/show_exceptions.rb:30:in `call'
  railties (4.2.4) lib/rails/rack/logger.rb:38:in `call_app'
  railties (4.2.4) lib/rails/rack/logger.rb:20:in `block in call'
  activesupport (4.2.4) lib/active_support/tagged_logging.rb:68:in `block in tagged'
  activesupport (4.2.4) lib/active_support/tagged_logging.rb:26:in `tagged'
  activesupport (4.2.4) lib/active_support/tagged_logging.rb:68:in `tagged'
  railties (4.2.4) lib/rails/rack/logger.rb:20:in `call'
  actionpack (4.2.4) lib/action_dispatch/middleware/request_id.rb:21:in `call'
  rack (1.6.4) lib/rack/methodoverride.rb:22:in `call'
  rack (1.6.4) lib/rack/runtime.rb:18:in `call'
  activesupport (4.2.4) lib/active_support/cache/strategy/local_cache_middleware.rb:28:in `call'
  rack (1.6.4) lib/rack/lock.rb:17:in `call'
  actionpack (4.2.4) lib/action_dispatch/middleware/static.rb:116:in `call'
  rack (1.6.4) lib/rack/sendfile.rb:113:in `call'
  railties (4.2.4) lib/rails/engine.rb:518:in `call'
  railties (4.2.4) lib/rails/application.rb:165:in `call'
  rack (1.6.4) lib/rack/lock.rb:17:in `call'
  rack (1.6.4) lib/rack/content_length.rb:15:in `call'
  rack (1.6.4) lib/rack/handler/webrick.rb:88:in `service'
  /System/Library/Frameworks/Ruby.framework/Versions/2.0/usr/lib/ruby/2.0.0/webrick/httpserver.rb:138:in `service'
  /System/Library/Frameworks/Ruby.framework/Versions/2.0/usr/lib/ruby/2.0.0/webrick/httpserver.rb:94:in `run'
  /System/Library/Frameworks/Ruby.framework/Versions/2.0/usr/lib/ruby/2.0.0/webrick/server.rb:295:in `block in start_thread'


  Rendered /Library/Ruby/Gems/2.0.0/gems/actionpack-4.2.4/lib/action_dispatch/middleware/templates/rescues/_source.erb (1.9ms)
  Rendered /Library/Ruby/Gems/2.0.0/gems/actionpack-4.2.4/lib/action_dispatch/middleware/templates/rescues/_trace.html.erb (1.3ms)
  Rendered /Library/Ruby/Gems/2.0.0/gems/actionpack-4.2.4/lib/action_dispatch/middleware/templates/rescues/_request_and_response.html.erb (29.8ms)
  Rendered /Library/Ruby/Gems/2.0.0/gems/actionpack-4.2.4/lib/action_dispatch/middleware/templates/rescues/diagnostics.html.erb within rescues/layout (46.4ms)
  Rendered /Library/Ruby/Gems/2.0.0/gems/web-console-2.2.1/lib/web_console/templates/_markup.html.erb (0.3ms)
  Rendered /Library/Ruby/Gems/2.0.0/gems/web-console-2.2.1/lib/web_console/templates/_inner_console_markup.html.erb within layouts/inlined_string (0.3ms)
  Rendered /Library/Ruby/Gems/2.0.0/gems/web-console-2.2.1/lib/web_console/templates/_prompt_box_markup.html.erb within layouts/inlined_string (0.3ms)
  Rendered /Library/Ruby/Gems/2.0.0/gems/web-console-2.2.1/lib/web_console/templates/style.css.erb within layouts/inlined_string (0.3ms)
  Rendered /Library/Ruby/Gems/2.0.0/gems/web-console-2.2.1/lib/web_console/templates/console.js.erb within layouts/javascript (13.9ms)
  Rendered /Library/Ruby/Gems/2.0.0/gems/web-console-2.2.1/lib/web_console/templates/main.js.erb within layouts/javascript (0.3ms)
  Rendered /Library/Ruby/Gems/2.0.0/gems/web-console-2.2.1/lib/web_console/templates/error_page.js.erb within layouts/javascript (0.3ms)
  Rendered /Library/Ruby/Gems/2.0.0/gems/web-console-2.2.1/lib/web_console/templates/index.html.erb (30.7ms)
  [1m[36m (1.8ms)[0m  [1mCREATE TABLE "schema_migrations" ("version" varchar NOT NULL) [0m
  [1m[35m (0.1ms)[0m  select sqlite_version(*)
  [1m[36m (0.6ms)[0m  [1mCREATE UNIQUE INDEX "unique_schema_migrations" ON "schema_migrations" ("version")[0m
  [1m[35mActiveRecord::SchemaMigration Load (0.1ms)[0m  SELECT "schema_migrations".* FROM "schema_migrations"
Migrating to CreateMaps (20150910023008)
  [1m[36m (0.1ms)[0m  [1mbegin transaction[0m
  [1m[35m (0.4ms)[0m  CREATE TABLE "maps" ("id" INTEGER PRIMARY KEY AUTOINCREMENT NOT NULL, "start_location" varchar, "created_at" datetime NOT NULL, "updated_at" datetime NOT NULL) 
  [1m[36mSQL (0.2ms)[0m  [1mINSERT INTO "schema_migrations" ("version") VALUES (?)[0m  [["version", "20150910023008"]]
  [1m[35m (0.5ms)[0m  commit transaction
  [1m[36mActiveRecord::SchemaMigration Load (0.1ms)[0m  [1mSELECT "schema_migrations".* FROM "schema_migrations"[0m


Started GET "/maps/new" for ::1 at 2015-09-09 22:32:04 -0400
  [1m[36mActiveRecord::SchemaMigration Load (0.1ms)[0m  [1mSELECT "schema_migrations".* FROM "schema_migrations"[0m
Processing by MapsController#new as HTML
  Rendered maps/_form.html.erb (10.9ms)
  Rendered maps/new.html.erb within layouts/application (43.4ms)
Completed 200 OK in 1716ms (Views: 1694.5ms | ActiveRecord: 0.3ms)


Started GET "/assets/maps.self-7898068cf31062ff2a48250c0be0b932b0717b22e434a1cf31689df8d5633a1e.css?body=1" for ::1 at 2015-09-09 22:32:06 -0400


Started GET "/assets/jquery_ujs.self-d456baa54c1fa6be2ec3711f0a72ddf7a5b2f34a6b4f515f33767d6207b7d4b3.js?body=1" for ::1 at 2015-09-09 22:32:06 -0400


Started GET "/assets/turbolinks.self-c37727e9bd6b2735da5c311aa83fead54ed0be6cc8bd9a65309e9c5abe2cbfff.js?body=1" for ::1 at 2015-09-09 22:32:06 -0400


Started GET "/assets/maps.self-877aef30ae1b040ab8a3aba4e3e309a11d7f2612f44dde450b5c157aa5f95c05.js?body=1" for ::1 at 2015-09-09 22:32:06 -0400


Started GET "/assets/scaffolds.self-c961ff5eab7b4446c05fa8fd52230d37e4eb603c0d116567eea01d1765e704f1.css?body=1" for ::1 at 2015-09-09 22:32:06 -0400


Started GET "/assets/jquery.self-a714331225dda820228db323939889f149aec0127aeb06255646b616ba1ca419.js?body=1" for ::1 at 2015-09-09 22:32:06 -0400


Started GET "/assets/application.self-e80e8f2318043e8af94dddc2adad5a4f09739a8ebb323b3ab31cd71d45fd9113.css?body=1" for ::1 at 2015-09-09 22:32:06 -0400


Started GET "/assets/application.self-3b8dabdc891efe46b9a144b400ad69e37d7e5876bdc39dee783419a69d7ca819.js?body=1" for ::1 at 2015-09-09 22:32:06 -0400


Started POST "/maps" for ::1 at 2015-09-09 22:32:11 -0400
Processing by MapsController#create as HTML
  Parameters: {"utf8"=>"✓", "authenticity_token"=>"LY2/WNJwb8Z0zU7CEM2WiQftCxrb3JsrQHyxx87PbBOjxZ7nqEMG3I1aIKR+UyEXyw5x04G9ybEvViJJPA/XZA==", "map"=>{"start_location"=>"boston"}, "commit"=>"Create Map"}
  [1m[35m (0.1ms)[0m  begin transaction
  [1m[36mSQL (0.6ms)[0m  [1mINSERT INTO "maps" ("start_location", "created_at", "updated_at") VALUES (?, ?, ?)[0m  [["start_location", "boston"], ["created_at", "2015-09-10 02:32:11.736749"], ["updated_at", "2015-09-10 02:32:11.736749"]]
  [1m[35m (0.7ms)[0m  commit transaction
Redirected to http://localhost:3000/maps/1
Completed 302 Found in 11ms (ActiveRecord: 1.4ms)


Started GET "/maps/1" for ::1 at 2015-09-09 22:32:11 -0400
Processing by MapsController#show as HTML
  Parameters: {"id"=>"1"}
  [1m[36mMap Load (0.3ms)[0m  [1mSELECT  "maps".* FROM "maps" WHERE "maps"."id" = ? LIMIT 1[0m  [["id", 1]]
  Rendered maps/show.html.erb within layouts/application (2.1ms)
Completed 200 OK in 85ms (Views: 79.2ms | ActiveRecord: 0.3ms)


Started GET "/maps/1" for ::1 at 2015-09-09 22:32:16 -0400
Processing by MapsController#show as HTML
  Parameters: {"id"=>"1"}
  [1m[35mMap Load (0.1ms)[0m  SELECT  "maps".* FROM "maps" WHERE "maps"."id" = ? LIMIT 1  [["id", 1]]
  Rendered maps/show.html.erb within layouts/application (0.3ms)
Completed 200 OK in 31ms (Views: 29.5ms | ActiveRecord: 0.1ms)


Started GET "/assets/maps.self-7898068cf31062ff2a48250c0be0b932b0717b22e434a1cf31689df8d5633a1e.css?body=1" for ::1 at 2015-09-09 22:32:16 -0400


Started GET "/assets/application.self-e80e8f2318043e8af94dddc2adad5a4f09739a8ebb323b3ab31cd71d45fd9113.css?body=1" for ::1 at 2015-09-09 22:32:16 -0400


Started GET "/assets/scaffolds.self-c961ff5eab7b4446c05fa8fd52230d37e4eb603c0d116567eea01d1765e704f1.css?body=1" for ::1 at 2015-09-09 22:32:16 -0400


Started GET "/assets/turbolinks.self-c37727e9bd6b2735da5c311aa83fead54ed0be6cc8bd9a65309e9c5abe2cbfff.js?body=1" for ::1 at 2015-09-09 22:32:16 -0400


Started GET "/assets/jquery.self-a714331225dda820228db323939889f149aec0127aeb06255646b616ba1ca419.js?body=1" for ::1 at 2015-09-09 22:32:16 -0400


Started GET "/assets/jquery_ujs.self-d456baa54c1fa6be2ec3711f0a72ddf7a5b2f34a6b4f515f33767d6207b7d4b3.js?body=1" for ::1 at 2015-09-09 22:32:16 -0400


Started GET "/assets/maps.self-877aef30ae1b040ab8a3aba4e3e309a11d7f2612f44dde450b5c157aa5f95c05.js?body=1" for ::1 at 2015-09-09 22:32:16 -0400


Started GET "/assets/application.self-3b8dabdc891efe46b9a144b400ad69e37d7e5876bdc39dee783419a69d7ca819.js?body=1" for ::1 at 2015-09-09 22:32:16 -0400


Started GET "/maps/1" for ::1 at 2015-09-09 22:32:18 -0400
Processing by MapsController#show as HTML
  Parameters: {"id"=>"1"}
  [1m[36mMap Load (0.1ms)[0m  [1mSELECT  "maps".* FROM "maps" WHERE "maps"."id" = ? LIMIT 1[0m  [["id", 1]]
  Rendered maps/show.html.erb within layouts/application (0.4ms)
Completed 200 OK in 29ms (Views: 28.0ms | ActiveRecord: 0.1ms)


Started GET "/assets/maps.self-7898068cf31062ff2a48250c0be0b932b0717b22e434a1cf31689df8d5633a1e.css?body=1" for ::1 at 2015-09-09 22:32:18 -0400


Started GET "/assets/application.self-e80e8f2318043e8af94dddc2adad5a4f09739a8ebb323b3ab31cd71d45fd9113.css?body=1" for ::1 at 2015-09-09 22:32:18 -0400


Started GET "/assets/jquery.self-a714331225dda820228db323939889f149aec0127aeb06255646b616ba1ca419.js?body=1" for ::1 at 2015-09-09 22:32:18 -0400


Started GET "/assets/maps.self-877aef30ae1b040ab8a3aba4e3e309a11d7f2612f44dde450b5c157aa5f95c05.js?body=1" for ::1 at 2015-09-09 22:32:18 -0400


Started GET "/assets/scaffolds.self-c961ff5eab7b4446c05fa8fd52230d37e4eb603c0d116567eea01d1765e704f1.css?body=1" for ::1 at 2015-09-09 22:32:18 -0400


Started GET "/assets/application.self-3b8dabdc891efe46b9a144b400ad69e37d7e5876bdc39dee783419a69d7ca819.js?body=1" for ::1 at 2015-09-09 22:32:18 -0400


Started GET "/assets/turbolinks.self-c37727e9bd6b2735da5c311aa83fead54ed0be6cc8bd9a65309e9c5abe2cbfff.js?body=1" for ::1 at 2015-09-09 22:32:18 -0400


Started GET "/assets/jquery_ujs.self-d456baa54c1fa6be2ec3711f0a72ddf7a5b2f34a6b4f515f33767d6207b7d4b3.js?body=1" for ::1 at 2015-09-09 22:32:18 -0400


Started GET "/maps/1" for ::1 at 2015-09-09 22:33:43 -0400
Processing by MapsController#show as HTML
  Parameters: {"id"=>"1"}
  [1m[35mMap Load (0.1ms)[0m  SELECT  "maps".* FROM "maps" WHERE "maps"."id" = ? LIMIT 1  [["id", 1]]
  Rendered maps/show.html.erb within layouts/application (1.4ms)
Completed 200 OK in 31ms (Views: 29.6ms | ActiveRecord: 0.1ms)


Started GET "/assets/maps.self-7898068cf31062ff2a48250c0be0b932b0717b22e434a1cf31689df8d5633a1e.css?body=1" for ::1 at 2015-09-09 22:33:43 -0400


Started GET "/assets/jquery.self-a714331225dda820228db323939889f149aec0127aeb06255646b616ba1ca419.js?body=1" for ::1 at 2015-09-09 22:33:43 -0400


Started GET "/assets/application.self-e80e8f2318043e8af94dddc2adad5a4f09739a8ebb323b3ab31cd71d45fd9113.css?body=1" for ::1 at 2015-09-09 22:33:43 -0400


Started GET "/assets/scaffolds.self-c961ff5eab7b4446c05fa8fd52230d37e4eb603c0d116567eea01d1765e704f1.css?body=1" for ::1 at 2015-09-09 22:33:43 -0400


Started GET "/assets/turbolinks.self-c37727e9bd6b2735da5c311aa83fead54ed0be6cc8bd9a65309e9c5abe2cbfff.js?body=1" for ::1 at 2015-09-09 22:33:43 -0400


Started GET "/assets/jquery_ujs.self-d456baa54c1fa6be2ec3711f0a72ddf7a5b2f34a6b4f515f33767d6207b7d4b3.js?body=1" for ::1 at 2015-09-09 22:33:43 -0400


Started GET "/assets/maps.self-877aef30ae1b040ab8a3aba4e3e309a11d7f2612f44dde450b5c157aa5f95c05.js?body=1" for ::1 at 2015-09-09 22:33:43 -0400


Started GET "/assets/application.self-3b8dabdc891efe46b9a144b400ad69e37d7e5876bdc39dee783419a69d7ca819.js?body=1" for ::1 at 2015-09-09 22:33:43 -0400


Started GET "/maps/1" for ::1 at 2015-09-09 22:34:05 -0400
Processing by MapsController#show as HTML
  Parameters: {"id"=>"1"}
  [1m[36mMap Load (0.1ms)[0m  [1mSELECT  "maps".* FROM "maps" WHERE "maps"."id" = ? LIMIT 1[0m  [["id", 1]]
  Rendered maps/show.html.erb within layouts/application (0.5ms)
Completed 200 OK in 26ms (Views: 24.3ms | ActiveRecord: 0.1ms)


Started GET "/assets/maps.self-7898068cf31062ff2a48250c0be0b932b0717b22e434a1cf31689df8d5633a1e.css?body=1" for ::1 at 2015-09-09 22:34:05 -0400


Started GET "/assets/application.self-e80e8f2318043e8af94dddc2adad5a4f09739a8ebb323b3ab31cd71d45fd9113.css?body=1" for ::1 at 2015-09-09 22:34:05 -0400


Started GET "/assets/application.self-3b8dabdc891efe46b9a144b400ad69e37d7e5876bdc39dee783419a69d7ca819.js?body=1" for ::1 at 2015-09-09 22:34:05 -0400


Started GET "/assets/scaffolds.self-c961ff5eab7b4446c05fa8fd52230d37e4eb603c0d116567eea01d1765e704f1.css?body=1" for ::1 at 2015-09-09 22:34:05 -0400


Started GET "/assets/jquery.self-a714331225dda820228db323939889f149aec0127aeb06255646b616ba1ca419.js?body=1" for ::1 at 2015-09-09 22:34:05 -0400


Started GET "/assets/jquery_ujs.self-d456baa54c1fa6be2ec3711f0a72ddf7a5b2f34a6b4f515f33767d6207b7d4b3.js?body=1" for ::1 at 2015-09-09 22:34:05 -0400


Started GET "/assets/turbolinks.self-c37727e9bd6b2735da5c311aa83fead54ed0be6cc8bd9a65309e9c5abe2cbfff.js?body=1" for ::1 at 2015-09-09 22:34:05 -0400


Started GET "/assets/maps.self-877aef30ae1b040ab8a3aba4e3e309a11d7f2612f44dde450b5c157aa5f95c05.js?body=1" for ::1 at 2015-09-09 22:34:05 -0400
